Run npm run type-check

> ninja-frontend@1.0.0 type-check
> tsc --noEmit

Error: src/components/epub/EPUBUploader.tsx(232,41): error TS2345: Argument of type 'string | undefined' is not assignable to parameter of type 'string'.
  Type 'undefined' is not assignable to type 'string'.
Error: src/components/pdf/MatterhornSummary.tsx(7,15): error TS2395: Individual declarations in merged declaration 'MatterhornSummary' must be all exported or all local.
Error: src/components/pdf/MatterhornSummary.tsx(149,14): error TS2395: Individual declarations in merged declaration 'MatterhornSummary' must be all exported or all local.
Error: src/components/pdf/PdfPageNavigator.example.tsx(237,59): error TS2339: Property 'fileName' does not exist on type '{ issues: PdfAuditIssue[]; pageCount: number; }'.
Error: src/components/pdf/PdfPreviewPanel.test.tsx(1,1): error TS6133: 'React' is declared but its value is never read.
Error: src/components/pdf/PdfPreviewPanel.tsx(28,39): error TS2307: Cannot find module 'react-pdf' or its corresponding type declarations.
Error: src/components/remediation/IssueCard.example.tsx(192,36): error TS2322: Type '{ issue: { id: string; code: string; message: string; severity: string; confidence: number; fixType: "autofix"; status: string; location: string; source: string; }; compact: boolean; }' is not assignable to type 'IntrinsicAttributes & IssueCardProps'.
  Property 'compact' does not exist on type 'IntrinsicAttributes & IssueCardProps'.
Error: src/components/remediation/IssueCard.example.tsx(193,35): error TS2322: Type '{ issue: PdfAuditIssue; compact: boolean; showMatterhorn: true; }' is not assignable to type 'IntrinsicAttributes & IssueCardProps'.
  Property 'compact' does not exist on type 'IntrinsicAttributes & IssueCardProps'.
Error: src/components/remediation/IssueCard.tsx(42,16): error TS2339: Property 'confidence' does not exist on type 'PdfAuditIssue | AuditIssue'.
  Property 'confidence' does not exist on type 'PdfAuditIssue'.
Error: src/components/remediation/IssueCard.tsx(44,41): error TS2339: Property 'confidence' does not exist on type 'PdfAuditIssue | AuditIssue'.
  Property 'confidence' does not exist on type 'PdfAuditIssue'.
Error: src/components/remediation/IssueCard.tsx(46,15): error TS2339: Property 'confidence' does not exist on type 'PdfAuditIssue | AuditIssue'.
  Property 'confidence' does not exist on type 'PdfAuditIssue'.
Error: src/components/remediation/IssueCard.tsx(53,22): error TS2339: Property 'confidence' does not exist on type 'PdfAuditIssue | AuditIssue'.
  Property 'confidence' does not exist on type 'PdfAuditIssue'.
Error: src/components/remediation/IssueCard.tsx(70,15): error TS2339: Property 'status' does not exist on type 'PdfAuditIssue | AuditIssue'.
  Property 'status' does not exist on type 'PdfAuditIssue'.
Error: src/components/remediation/IssueCard.tsx(70,43): error TS2339: Property 'fixType' does not exist on type 'PdfAuditIssue | AuditIssue'.
  Property 'fixType' does not exist on type 'PdfAuditIssue'.
Error: src/components/remediation/IssueCard.tsx(77,22): error TS2339: Property 'fixType' does not exist on type 'PdfAuditIssue | AuditIssue'.
  Property 'fixType' does not exist on type 'PdfAuditIssue'.
Error: src/components/remediation/IssueCard.tsx(84,22): error TS2339: Property 'fixType' does not exist on type 'PdfAuditIssue | AuditIssue'.
  Property 'fixType' does not exist on type 'PdfAuditIssue'.
Error: src/pages/EPUBAccessibility.tsx(245,11): error TS2741: Property 'fileType' is missing in type '{ jobId: string; epubVersion: string; isValid: true; accessibilityScore: number; issuesSummary: { total: number; critical: number; serious: number; moderate: number; minor: number; }; }' but required in type 'UploadSummary'.
Error: src/pages/PdfAuditResultsPage.test.tsx(1,1): error TS6133: 'React' is declared but its value is never read.
Error: src/pages/PdfAuditResultsPage.tsx(623,27): error TS2322: Type '"link"' is not assignable to type '"primary" | "secondary" | "outline" | "ghost" | "danger" | undefined'.
Error: src/pages/PdfAuditResultsPage.tsx(635,19): error TS2322: Type '{ key: string; issue: PdfAuditIssue; onPageClick: (pageNumber: number) => void; showMatterhorn: true; compact: boolean; }' is not assignable to type 'IntrinsicAttributes & IssueCardProps'.
  Property 'compact' does not exist on type 'IntrinsicAttributes & IssueCardProps'.
Error: src/services/api/pdfAuditApi.test.ts(58,40): error TS6133: 'url' is declared but its value is never read.
Error: src/services/api/pdfAuditApi.test.ts(58,45): error TS6133: 'data' is declared but its value is never read.
Error: src/services/api/pdfAuditApi.test.ts(61,35): error TS2345: Argument of type '{ loaded: number; total: number; }' is not assignable to parameter of type 'AxiosProgressEvent'.
  Type '{ loaded: number; total: number; }' is missing the following properties from type 'AxiosProgressEvent': bytes, lengthComputable
Error: src/services/api/pdfAuditApi.test.ts(62,35): error TS2345: Argument of type '{ loaded: number; total: number; }' is not assignable to parameter of type 'AxiosProgressEvent'.
  Type '{ loaded: number; total: number; }' is missing the following properties from type 'AxiosProgressEvent': bytes, lengthComputable
Error: Process completed with exit code 2.